==7788== Memcheck, a memory error detector
==7788== Copyright (C) 2002-2017, and GNU GPL'd, by Julian Seward et al.
==7788== Using Valgrind-3.18.1 and LibVEX; rerun with -h for copyright info
==7788== Command: ./poke --seed 22
==7788== Parent PID: 3107
==7788== 
==7788== Conditional jump or move depends on uninitialised value(s)
==7788==    at 0x10A7FA: main (in /home/luke/Documents/luke/isu/08 ISU Spring 2022/COM S 327 Adv Programmg Tchnq/poke327/poke)
==7788== 
==7788== 
==7788== HEAP SUMMARY:
==7788==     in use at exit: 203,742 bytes in 405 blocks
==7788==   total heap usage: 5,956 allocs, 5,551 frees, 610,557 bytes allocated
==7788== 
==7788== LEAK SUMMARY:
==7788==    definitely lost: 0 bytes in 0 blocks
==7788==    indirectly lost: 0 bytes in 0 blocks
==7788==      possibly lost: 736 bytes in 10 blocks
==7788==    still reachable: 203,006 bytes in 395 blocks
==7788==         suppressed: 0 bytes in 0 blocks
==7788== Rerun with --leak-check=full to see details of leaked memory
==7788== 
==7788== Use --track-origins=yes to see where uninitialised values come from
==7788== For lists of detected and suppressed errors, rerun with: -s
==7788== ERROR SUMMARY: 1 errors from 1 contexts (suppressed: 0 from 0)
